<?xml version="1.0" encoding="UTF-8"?>
<!-- Generated by org.testng.reporters.JUnitReportReporter -->
<testsuite skipped="0" hostname="SCS-R37" name="testng" tests="2" failures="0" timestamp="15 Aug 2020 20:21:23 GMT" time="0.012" errors="0">
  <testcase name="m1" time="0.011" classname="testng"/>
  <testcase name="m2" time="0.001" classname="testng"/>
</testsuite> <!-- testng -->
